✅ [3:49:28 AM] Scraping completado en 20813ms
📊 Procesados: 8 | Nuevos: 0 | Errores: 0
[2025-07-11T07:49:28.328-04:00] [INFO] Workana daemon ejecución: 8 procesados, 0 nuevos, 20813ms
[2025-07-11T07:50:07.525-04:00] [INFO] Ejecutando scraping específico para workana | {"interval":"1","notifications":true,"quiet":false,"maxRuntime":"24"}
[2025-07-11T07:50:07.525-04:00] [INFO] Ejecutando scraping para workana | {"sendNotifications":true,"iteration":0,"interval":"1","notifications":true,"quiet":false,"maxRuntime":"24"}
[2025-07-11T07:50:07.525-04:00] [INFO] Iniciando scraping y procesamiento de proyectos | {"platform":"workana"}
[2025-07-11T07:50:07.525-04:00] [INFO] Creando scraper de Workana
[2025-07-11T07:50:07.525-04:00] [INFO] [WORKANA] Iniciando proceso de scraping
[2025-07-11T07:50:08.213-04:00] [INFO] [WORKANA] Navegador inicializado
[2025-07-11T07:50:11.538-04:00] [INFO] [WORKANA] Navegado a https://www.workana.com/jobs?category=it-programming&language=en%2Ces
[2025-07-11T07:50:15.211-04:00] [INFO] [WORKANA] Comportamiento humano simulado
[2025-07-11T07:50:22.360-04:00] [INFO] [WORKANA] Comportamiento humano específico de Workana completado
[2025-07-11T07:50:24.401-04:00] [INFO] [WORKANA] Detalles de proyectos expandidos
[2025-07-11T07:50:24.512-04:00] [INFO] [WORKANA] Navegador cerrado
[2025-07-11T07:50:24.512-04:00] [INFO] [WORKANA] Proceso completado: 8 proyectos
[2025-07-11T07:50:24.512-04:00] [INFO] Procesando 8 proyectos de workana
[2025-07-11T07:50:24.515-04:00] [INFO] No hay proyectos nuevos en workana
[2025-07-11T07:50:24.515-04:00] [INFO] Scraping y procesamiento completado | {"results":{"workana":{"processed":8,"newProjects":0,"errors":0}}}
[2025-07-11T07:50:24.515-04:00] [INFO] Scraping de workana completado | {"results":{"workana":{"processed":8,"newProjects":0,"errors":0}}}
[2025-07-11T07:50:24.515-04:00] [INFO] Scraping de workana completado | {"results":{"workana":{"processed":8,"newProjects":0,"errors":0}}}
✅ [3:50:24 AM] Scraping completado en 16990ms
📊 Procesados: 8 | Nuevos: 0 | Errores: 0
[2025-07-11T07:50:24.515-04:00] [INFO] Workana daemon ejecución: 8 procesados, 0 nuevos, 16990ms
[2025-07-11T07:50:33.742-04:00] [ERROR] Uncaught Exception | {"message":"Packets out of order. Got: 0 Expected: 2","stack":"Error: Packets out of order. Got: 0 Expected: 2\n    at Parser._tryReadPacketHeader (/var/www/projects/project_notifications/node_modules/mysql/lib/protocol/Parser.js:470:15)\n    at Parser.write (/var/www/projects/project_notifications/node_modules/mysql/lib/protocol/Parser.js:33:29)\n    at Protocol.write (/var/www/projects/project_notifications/node_modules/mysql/lib/protocol/Protocol.js:38:16)\n    at Socket.<anonymous> (/var/www/projects/project_notifications/node_modules/mysql/lib/Connection.js:88:28)\n    at Socket.<anonymous> (/var/www/projects/project_notifications/node_modules/mysql/lib/Connection.js:526:10)\n    at Socket.emit (node:events:517:28)\n    at addChunk (node:internal/streams/readable:368:12)\n    at readableAddChunk (node:internal/streams/readable:341:9)\n    at Readable.push (node:internal/streams/readable:278:10)\n    at TCP.onStreamRead (node:internal/stream_base_commons:190:23)","code":"PROTOCOL_PACKETS_OUT_OF_ORDER"}
[2025-07-11T07:50:33.743-04:00] [WARN] Error crítico de protocolo MySQL detectado - iniciando cierre graceful sin notificación
[2025-07-11T07:50:33.743-04:00] [INFO] [SHUTDOWN] Iniciando cierre graceful del sistema...
[2025-07-11T07:50:33.743-04:00] [WARN] [SHUTDOWN] Esperando a que terminen las operaciones en curso...
[2025-07-11T07:50:35.745-04:00] [WARN] [SHUTDOWN] Omitiendo notificación de cierre por error de base de datos
[2025-07-11T07:50:35.746-04:00] [WARN] [SHUTDOWN] Esperando a que terminen las consultas en curso...
[2025-07-11T07:50:36.749-04:00] [WARN] [SHUTDOWN] Pool de conexiones cerrado correctamente
[2025-07-11T07:50:36.749-04:00] [WARN] [SHUTDOWN] Conexiones de base de datos cerradas
[2025-07-11T07:50:36.749-04:00] [WARN] [SHUTDOWN] Sistema cerrado correctamente