[2025-07-07T18:54:15.986-04:00] [INFO] [WORKANA] Navegador cerrado
[2025-07-07T18:54:15.986-04:00] [INFO] [WORKANA] Proceso completado: 9 proyectos
[2025-07-07T18:54:15.986-04:00] [INFO] Procesando 9 proyectos de workana
[2025-07-07T18:54:15.989-04:00] [INFO] No hay proyectos nuevos en workana
[2025-07-07T18:54:15.989-04:00] [INFO] Scraping y procesamiento completado | {"results":{"workana":{"processed":9,"newProjects":0,"errors":0}}}
[2025-07-07T18:54:15.989-04:00] [INFO] Scraping de workana completado | {"results":{"workana":{"processed":9,"newProjects":0,"errors":0}}}
[2025-07-07T18:54:15.989-04:00] [INFO] Scraping de workana completado | {"results":{"workana":{"processed":9,"newProjects":0,"errors":0}}}
✅ [2:54:15 PM] Scraping completado en 20620ms
📊 Procesados: 9 | Nuevos: 0 | Errores: 0
[2025-07-07T18:54:15.989-04:00] [INFO] Workana daemon ejecución: 9 procesados, 0 nuevos, 20620ms
[2025-07-07T18:54:24.252-04:00] [ERROR] Uncaught Exception | {"message":"Packets out of order. Got: 0 Expected: 2","stack":"Error: Packets out of order. Got: 0 Expected: 2\n    at Parser._tryReadPacketHeader (/var/www/projects/project_notifications/node_modules/mysql/lib/protocol/Parser.js:470:15)\n    at Parser.write (/var/www/projects/project_notifications/node_modules/mysql/lib/protocol/Parser.js:33:29)\n    at Protocol.write (/var/www/projects/project_notifications/node_modules/mysql/lib/protocol/Protocol.js:38:16)\n    at Socket.<anonymous> (/var/www/projects/project_notifications/node_modules/mysql/lib/Connection.js:88:28)\n    at Socket.<anonymous> (/var/www/projects/project_notifications/node_modules/mysql/lib/Connection.js:526:10)\n    at Socket.emit (node:events:517:28)\n    at addChunk (node:internal/streams/readable:368:12)\n    at readableAddChunk (node:internal/streams/readable:341:9)\n    at Readable.push (node:internal/streams/readable:278:10)\n    at TCP.onStreamRead (node:internal/stream_base_commons:190:23)","code":"PROTOCOL_PACKETS_OUT_OF_ORDER"}
[2025-07-07T18:54:24.252-04:00] [ERROR] Error en uncaughtException | {"message":"Packets out of order. Got: 0 Expected: 2","stack":"Error: Packets out of order. Got: 0 Expected: 2\n    at Parser._tryReadPacketHeader (/var/www/projects/project_notifications/node_modules/mysql/lib/protocol/Parser.js:470:15)\n    at Parser.write (/var/www/projects/project_notifications/node_modules/mysql/lib/protocol/Parser.js:33:29)\n    at Protocol.write (/var/www/projects/project_notifications/node_modules/mysql/lib/protocol/Protocol.js:38:16)\n    at Socket.<anonymous> (/var/www/projects/project_notifications/node_modules/mysql/lib/Connection.js:88:28)\n    at Socket.<anonymous> (/var/www/projects/project_notifications/node_modules/mysql/lib/Connection.js:526:10)\n    at Socket.emit (node:events:517:28)\n    at addChunk (node:internal/streams/readable:368:12)\n    at readableAddChunk (node:internal/streams/readable:341:9)\n    at Readable.push (node:internal/streams/readable:278:10)\n    at TCP.onStreamRead (node:internal/stream_base_commons:190:23)","code":"PROTOCOL_PACKETS_OUT_OF_ORDER"}
[2025-07-07T18:54:24.253-04:00] [INFO] Iniciando cierre graceful del sistema...
[2025-07-07T18:54:24.256-04:00] [INFO] [DATABASE] Pool de conexiones cerrado correctamente



[2025-07-08T05:11:36.700-04:00] [INFO] [WORKANA] Proceso completado: 9 proyectos
[2025-07-08T05:11:36.700-04:00] [INFO] Procesando 9 proyectos de workana
[2025-07-08T05:11:36.702-04:00] [INFO] No hay proyectos nuevos en workana
[2025-07-08T05:11:36.702-04:00] [INFO] Scraping y procesamiento completado | {"results":{"workana":{"processed":9,"newProjects":0,"errors":0}}}
[2025-07-08T05:11:36.703-04:00] [INFO] Scraping de workana completado | {"results":{"workana":{"processed":9,"newProjects":0,"errors":0}}}
[2025-07-08T05:11:36.703-04:00] [INFO] Scraping de workana completado | {"results":{"workana":{"processed":9,"newProjects":0,"errors":0}}}
✅ [1:11:36 AM] Scraping completado en 17919ms
📊 Procesados: 9 | Nuevos: 0 | Errores: 0
[2025-07-08T05:11:36.703-04:00] [INFO] Workana daemon ejecución: 9 procesados, 0 nuevos, 17919ms
[2025-07-08T05:11:45.000-04:00] [ERROR] Uncaught Exception | {"message":"Packets out of order. Got: 0 Expected: 2","stack":"Error: Packets out of order. Got: 0 Expected: 2\n    at Parser._tryReadPacketHeader (/var/www/projects/project_notifications/node_modules/mysql/lib/protocol/Parser.js:470:15)\n    at Parser.write (/var/www/projects/project_notifications/node_modules/mysql/lib/protocol/Parser.js:33:29)\n    at Protocol.write (/var/www/projects/project_notifications/node_modules/mysql/lib/protocol/Protocol.js:38:16)\n    at Socket.<anonymous> (/var/www/projects/project_notifications/node_modules/mysql/lib/Connection.js:88:28)\n    at Socket.<anonymous> (/var/www/projects/project_notifications/node_modules/mysql/lib/Connection.js:526:10)\n    at Socket.emit (node:events:517:28)\n    at addChunk (node:internal/streams/readable:368:12)\n    at readableAddChunk (node:internal/streams/readable:341:9)\n    at Readable.push (node:internal/streams/readable:278:10)\n    at TCP.onStreamRead (node:internal/stream_base_commons:190:23)","code":"PROTOCOL_PACKETS_OUT_OF_ORDER"}
[2025-07-08T05:11:45.002-04:00] [ERROR] Error en uncaughtException | {"message":"Packets out of order. Got: 0 Expected: 2","stack":"Error: Packets out of order. Got: 0 Expected: 2\n    at Parser._tryReadPacketHeader (/var/www/projects/project_notifications/node_modules/mysql/lib/protocol/Parser.js:470:15)\n    at Parser.write (/var/www/projects/project_notifications/node_modules/mysql/lib/protocol/Parser.js:33:29)\n    at Protocol.write (/var/www/projects/project_notifications/node_modules/mysql/lib/protocol/Protocol.js:38:16)\n    at Socket.<anonymous> (/var/www/projects/project_notifications/node_modules/mysql/lib/Connection.js:88:28)\n    at Socket.<anonymous> (/var/www/projects/project_notifications/node_modules/mysql/lib/Connection.js:526:10)\n    at Socket.emit (node:events:517:28)\n    at addChunk (node:internal/streams/readable:368:12)\n    at readableAddChunk (node:internal/streams/readable:341:9)\n    at Readable.push (node:internal/streams/readable:278:10)\n    at TCP.onStreamRead (node:internal/stream_base_commons:190:23)","code":"PROTOCOL_PACKETS_OUT_OF_ORDER"}
[2025-07-08T05:11:45.002-04:00] [INFO] Iniciando cierre graceful del sistema...
[2025-07-08T05:11:45.004-04:00] [INFO] [DATABASE] Pool de conexiones cerrado correctamente



[2025-07-08T19:55:27.829-04:00] [INFO] Notificaciones enviadas para 1 proyectos de workana
[2025-07-08T19:55:27.830-04:00] [INFO] Scraping y procesamiento completado | {"results":{"workana":{"processed":9,"newProjects":1,"errors":0}}}
[2025-07-08T19:55:27.830-04:00] [INFO] Scraping de workana completado | {"results":{"workana":{"processed":9,"newProjects":1,"errors":0}}}
[2025-07-08T19:55:27.830-04:00] [INFO] Scraping de workana completado | {"results":{"workana":{"processed":9,"newProjects":1,"errors":0}}}
✅ [3:55:27 PM] Scraping completado en 22478ms
📊 Procesados: 9 | Nuevos: 1 | Errores: 0
[2025-07-08T19:55:27.830-04:00] [INFO] Workana daemon ejecución: 9 procesados, 1 nuevos, 22478ms
[2025-07-08T19:55:28.141-04:00] [ERROR] Uncaught Exception | {"message":"Packets out of order. Got: 0 Expected: 2","stack":"Error: Packets out of order. Got: 0 Expected: 2\n    at Parser._tryReadPacketHeader (/var/www/projects/project_notifications/node_modules/mysql/lib/protocol/Parser.js:470:15)\n    at Parser.write (/var/www/projects/project_notifications/node_modules/mysql/lib/protocol/Parser.js:33:29)\n    at Protocol.write (/var/www/projects/project_notifications/node_modules/mysql/lib/protocol/Protocol.js:38:16)\n    at Socket.<anonymous> (/var/www/projects/project_notifications/node_modules/mysql/lib/Connection.js:88:28)\n    at Socket.<anonymous> (/var/www/projects/project_notifications/node_modules/mysql/lib/Connection.js:526:10)\n    at Socket.emit (node:events:517:28)\n    at addChunk (node:internal/streams/readable:368:12)\n    at readableAddChunk (node:internal/streams/readable:341:9)\n    at Readable.push (node:internal/streams/readable:278:10)\n    at TCP.onStreamRead (node:internal/stream_base_commons:190:23)","code":"PROTOCOL_PACKETS_OUT_OF_ORDER"}
[2025-07-08T19:55:28.142-04:00] [ERROR] Error en uncaughtException | {"message":"Packets out of order. Got: 0 Expected: 2","stack":"Error: Packets out of order. Got: 0 Expected: 2\n    at Parser._tryReadPacketHeader (/var/www/projects/project_notifications/node_modules/mysql/lib/protocol/Parser.js:470:15)\n    at Parser.write (/var/www/projects/project_notifications/node_modules/mysql/lib/protocol/Parser.js:33:29)\n    at Protocol.write (/var/www/projects/project_notifications/node_modules/mysql/lib/protocol/Protocol.js:38:16)\n    at Socket.<anonymous> (/var/www/projects/project_notifications/node_modules/mysql/lib/Connection.js:88:28)\n    at Socket.<anonymous> (/var/www/projects/project_notifications/node_modules/mysql/lib/Connection.js:526:10)\n    at Socket.emit (node:events:517:28)\n    at addChunk (node:internal/streams/readable:368:12)\n    at readableAddChunk (node:internal/streams/readable:341:9)\n    at Readable.push (node:internal/streams/readable:278:10)\n    at TCP.onStreamRead (node:internal/stream_base_commons:190:23)","code":"PROTOCOL_PACKETS_OUT_OF_ORDER"}
[2025-07-08T19:55:28.142-04:00] [INFO] Iniciando cierre graceful del sistema...
[2025-07-08T19:55:28.144-04:00] [INFO] [DATABASE] Pool de conexiones cerrado correctamente
[2025-07-08T19:55:28.145-04:00] [ERROR] Error durante cierre graceful | {"message":"this.notificationService.sendStatusNotification is not a function","stack":"TypeError: this.notificationService.sendStatusNotification is not a function\n    at ErrorHandler.gracefulShutdown (/var/www/projects/project_notifications/lib/middleware/errorHandler.js:224:38)\n    at process.processTicksAndRejections (node:internal/process/task_queues:95:5)"}





